
> pattern-test@0.1.0 build
> react-scripts build

Creating an optimized production build...
Compiled with warnings.

[eslint] 
src/components/Screens/FormScreen.jsx
  Line 49:23:  The ref value 'phoneInputRef.current' will likely have changed by the time this effect cleanup function runs. If this ref points to a node rendered by React, copy 'phoneInputRef.current' to a variable inside the effect, and use that variable in the cleanup function  react-hooks/exhaustive-deps

Search for the keywords to learn more about each warning.
To ignore, add // eslint-disable-next-line to the line before.

File sizes after gzip:

  1.17 MB  build/static/js/main.1eea6df0.js
  4.83 kB  build/static/css/main.c73379f0.css
  1.76 kB  build/static/js/453.ab3eacf5.chunk.js

The bundle size is significantly larger than recommended.
Consider reducing it with code splitting: https://goo.gl/9VhYWB
You can also analyze the project dependencies: https://goo.gl/LeUzfb

The project was built assuming it is hosted at /.
You can control this with the homepage field in your package.json.

The build folder is ready to be deployed.
You may serve it with a static server:

  npm install -g serve
  serve -s build

Find out more about deployment here:

  https://cra.link/deployment

